2022-10-03 10:10:02,155 INFO [Http11NioProtocol.log.173] Initializing ProtocolHandler ["http-nio-8093"]
2022-10-03 10:10:02,157 INFO [StandardService.log.173] Starting service [Tomcat]
2022-10-03 10:10:02,157 INFO [StandardEngine.log.173] Starting Servlet engine: [Apache Tomcat/9.0.48]
2022-10-03 10:10:02,252 INFO [[/].log.173] Initializing Spring embedded WebApplicationContext
2022-10-03 10:10:02,401 INFO [HikariDataSource.getConnection.110] HikariPool-1 - Starting...
2022-10-03 10:10:02,696 INFO [HikariDataSource.getConnection.123] HikariPool-1 - Start completed.
2022-10-03 10:10:04,511 INFO [HikariDataSource.close.350] HikariPool-1 - Shutdown initiated...
2022-10-03 10:10:04,513 INFO [HikariDataSource.close.352] HikariPool-1 - Shutdown completed.
2022-10-03 10:10:04,515 INFO [StandardService.log.173] Stopping service [Tomcat]
2022-10-03 10:14:21,566 INFO [Http11NioProtocol.log.173] Initializing ProtocolHandler ["http-nio-8093"]
2022-10-03 10:14:21,568 INFO [StandardService.log.173] Starting service [Tomcat]
2022-10-03 10:14:21,568 INFO [StandardEngine.log.173] Starting Servlet engine: [Apache Tomcat/9.0.48]
2022-10-03 10:14:21,662 INFO [[/].log.173] Initializing Spring embedded WebApplicationContext
2022-10-03 10:14:21,805 INFO [HikariDataSource.getConnection.110] HikariPool-1 - Starting...
2022-10-03 10:14:22,115 INFO [HikariDataSource.getConnection.123] HikariPool-1 - Start completed.
2022-10-03 10:14:25,895 INFO [Http11NioProtocol.log.173] Starting ProtocolHandler ["http-nio-8093"]
2022-10-03 10:14:33,508 INFO [HikariDataSource.close.350] HikariPool-1 - Shutdown initiated...
2022-10-03 10:14:33,511 INFO [HikariDataSource.close.352] HikariPool-1 - Shutdown completed.
2022-10-03 11:08:08,888 INFO [Http11NioProtocol.log.173] Initializing ProtocolHandler ["http-nio-8093"]
2022-10-03 11:08:08,891 INFO [StandardService.log.173] Starting service [Tomcat]
2022-10-03 11:08:08,891 INFO [StandardEngine.log.173] Starting Servlet engine: [Apache Tomcat/9.0.48]
2022-10-03 11:08:09,006 INFO [[/].log.173] Initializing Spring embedded WebApplicationContext
2022-10-03 11:08:09,133 INFO [HikariDataSource.getConnection.110] HikariPool-1 - Starting...
2022-10-03 11:08:09,489 INFO [HikariDataSource.getConnection.123] HikariPool-1 - Start completed.
2022-10-03 11:08:11,099 INFO [HikariDataSource.close.350] HikariPool-1 - Shutdown initiated...
2022-10-03 11:08:11,218 INFO [HikariDataSource.close.352] HikariPool-1 - Shutdown completed.
2022-10-03 11:08:11,219 INFO [StandardService.log.173] Stopping service [Tomcat]
2022-10-03 19:38:14,139 INFO [Http11NioProtocol.log.173] Initializing ProtocolHandler ["http-nio-8093"]
2022-10-03 19:38:14,141 INFO [StandardService.log.173] Starting service [Tomcat]
2022-10-03 19:38:14,141 INFO [StandardEngine.log.173] Starting Servlet engine: [Apache Tomcat/9.0.48]
2022-10-03 19:38:14,267 INFO [[/].log.173] Initializing Spring embedded WebApplicationContext
2022-10-03 19:38:14,402 INFO [HikariDataSource.getConnection.110] HikariPool-1 - Starting...
2022-10-03 19:38:14,656 INFO [HikariDataSource.getConnection.123] HikariPool-1 - Start completed.
2022-10-03 19:38:16,327 INFO [HikariDataSource.close.350] HikariPool-1 - Shutdown initiated...
2022-10-03 19:38:16,329 INFO [HikariDataSource.close.352] HikariPool-1 - Shutdown completed.
2022-10-03 19:38:16,330 INFO [StandardService.log.173] Stopping service [Tomcat]
2022-10-03 19:41:08,431 INFO [Http11NioProtocol.log.173] Initializing ProtocolHandler ["http-nio-8093"]
2022-10-03 19:41:08,433 INFO [StandardService.log.173] Starting service [Tomcat]
2022-10-03 19:41:08,433 INFO [StandardEngine.log.173] Starting Servlet engine: [Apache Tomcat/9.0.48]
2022-10-03 19:41:08,552 INFO [[/].log.173] Initializing Spring embedded WebApplicationContext
2022-10-03 19:41:08,680 INFO [HikariDataSource.getConnection.110] HikariPool-1 - Starting...
2022-10-03 19:41:08,942 INFO [HikariDataSource.getConnection.123] HikariPool-1 - Start completed.
2022-10-03 19:41:12,311 INFO [Http11NioProtocol.log.173] Starting ProtocolHandler ["http-nio-8093"]
2022-10-03 19:41:21,604 INFO [HikariDataSource.close.350] HikariPool-1 - Shutdown initiated...
2022-10-03 19:41:21,605 INFO [HikariDataSource.close.352] HikariPool-1 - Shutdown completed.
2022-10-03 19:45:53,920 INFO [Http11NioProtocol.log.173] Initializing ProtocolHandler ["http-nio-8093"]
2022-10-03 19:45:53,922 INFO [StandardService.log.173] Starting service [Tomcat]
2022-10-03 19:45:53,922 INFO [StandardEngine.log.173] Starting Servlet engine: [Apache Tomcat/9.0.48]
2022-10-03 19:45:54,038 INFO [[/].log.173] Initializing Spring embedded WebApplicationContext
2022-10-03 19:45:54,166 INFO [HikariDataSource.getConnection.110] HikariPool-1 - Starting...
2022-10-03 19:45:54,427 INFO [HikariDataSource.getConnection.123] HikariPool-1 - Start completed.
2022-10-03 19:45:57,724 INFO [Http11NioProtocol.log.173] Starting ProtocolHandler ["http-nio-8093"]
2022-10-03 19:46:33,763 INFO [HikariDataSource.close.350] HikariPool-1 - Shutdown initiated...
2022-10-03 19:46:33,765 INFO [HikariDataSource.close.352] HikariPool-1 - Shutdown completed.
2022-10-03 19:53:00,061 INFO [Http11NioProtocol.log.173] Initializing ProtocolHandler ["http-nio-8093"]
2022-10-03 19:53:00,063 INFO [StandardService.log.173] Starting service [Tomcat]
2022-10-03 19:53:00,064 INFO [StandardEngine.log.173] Starting Servlet engine: [Apache Tomcat/9.0.48]
2022-10-03 19:53:00,195 INFO [[/].log.173] Initializing Spring embedded WebApplicationContext
2022-10-03 19:53:00,344 INFO [HikariDataSource.getConnection.110] HikariPool-1 - Starting...
2022-10-03 19:53:00,621 INFO [HikariDataSource.getConnection.123] HikariPool-1 - Start completed.
2022-10-03 19:53:02,414 INFO [HikariDataSource.close.350] HikariPool-1 - Shutdown initiated...
2022-10-03 19:53:02,416 INFO [HikariDataSource.close.352] HikariPool-1 - Shutdown completed.
2022-10-03 19:53:02,417 INFO [StandardService.log.173] Stopping service [Tomcat]
2022-10-03 19:54:12,088 INFO [Http11NioProtocol.log.173] Initializing ProtocolHandler ["http-nio-8093"]
2022-10-03 19:54:12,090 INFO [StandardService.log.173] Starting service [Tomcat]
2022-10-03 19:54:12,090 INFO [StandardEngine.log.173] Starting Servlet engine: [Apache Tomcat/9.0.48]
2022-10-03 19:54:12,212 INFO [[/].log.173] Initializing Spring embedded WebApplicationContext
2022-10-03 19:54:12,384 INFO [HikariDataSource.getConnection.110] HikariPool-1 - Starting...
2022-10-03 19:54:12,697 INFO [HikariDataSource.getConnection.123] HikariPool-1 - Start completed.
2022-10-03 19:54:16,388 INFO [Http11NioProtocol.log.173] Starting ProtocolHandler ["http-nio-8093"]
2022-10-03 19:54:21,670 INFO [HikariDataSource.close.350] HikariPool-1 - Shutdown initiated...
2022-10-03 19:54:21,672 INFO [HikariDataSource.close.352] HikariPool-1 - Shutdown completed.
2022-10-03 20:48:03,162 INFO [Http11NioProtocol.log.173] Initializing ProtocolHandler ["http-nio-8093"]
2022-10-03 20:48:03,165 INFO [StandardService.log.173] Starting service [Tomcat]
2022-10-03 20:48:03,165 INFO [StandardEngine.log.173] Starting Servlet engine: [Apache Tomcat/9.0.48]
2022-10-03 20:48:03,279 INFO [[/].log.173] Initializing Spring embedded WebApplicationContext
2022-10-03 20:48:03,407 INFO [HikariDataSource.getConnection.110] HikariPool-1 - Starting...
2022-10-03 20:48:03,707 INFO [HikariDataSource.getConnection.123] HikariPool-1 - Start completed.
2022-10-03 20:48:07,118 INFO [Http11NioProtocol.log.173] Starting ProtocolHandler ["http-nio-8093"]
2022-10-03 20:48:11,733 INFO [HikariDataSource.close.350] HikariPool-1 - Shutdown initiated...
2022-10-03 20:48:11,735 INFO [HikariDataSource.close.352] HikariPool-1 - Shutdown completed.
2022-10-03 20:55:12,161 INFO [Http11NioProtocol.log.173] Initializing ProtocolHandler ["http-nio-8093"]
2022-10-03 20:55:12,163 INFO [StandardService.log.173] Starting service [Tomcat]
2022-10-03 20:55:12,163 INFO [StandardEngine.log.173] Starting Servlet engine: [Apache Tomcat/9.0.48]
2022-10-03 20:55:12,285 INFO [[/].log.173] Initializing Spring embedded WebApplicationContext
2022-10-03 20:55:12,416 INFO [HikariDataSource.getConnection.110] HikariPool-1 - Starting...
2022-10-03 20:55:12,711 INFO [HikariDataSource.getConnection.123] HikariPool-1 - Start completed.
2022-10-03 20:55:16,114 INFO [Http11NioProtocol.log.173] Starting ProtocolHandler ["http-nio-8093"]
2022-10-03 20:55:35,535 INFO [HikariDataSource.close.350] HikariPool-1 - Shutdown initiated...
2022-10-03 20:55:35,537 INFO [HikariDataSource.close.352] HikariPool-1 - Shutdown completed.
2022-10-03 20:58:28,956 INFO [Http11NioProtocol.log.173] Initializing ProtocolHandler ["http-nio-8093"]
2022-10-03 20:58:28,958 INFO [StandardService.log.173] Starting service [Tomcat]
2022-10-03 20:58:28,958 INFO [StandardEngine.log.173] Starting Servlet engine: [Apache Tomcat/9.0.48]
2022-10-03 20:58:29,079 INFO [[/].log.173] Initializing Spring embedded WebApplicationContext
2022-10-03 20:58:29,222 INFO [HikariDataSource.getConnection.110] HikariPool-1 - Starting...
2022-10-03 20:58:29,479 INFO [HikariDataSource.getConnection.123] HikariPool-1 - Start completed.
2022-10-03 20:58:32,914 INFO [Http11NioProtocol.log.173] Starting ProtocolHandler ["http-nio-8093"]
2022-10-03 20:59:58,257 INFO [[/].log.173] Initializing Spring DispatcherServlet 'dispatcherServlet'
2022-10-03 21:00:19,109 ERROR [ELKService.registerLogs.43] 
Unable to make field private final java.time.LocalDate java.time.LocalDateTime.date accessible: module java.base does not "opens java.time" to unnamed module @b83a9be
2022-10-03 21:00:21,469 ERROR [SolicitudDao.batchUpdateReservaSolicitud.394] ERROR batchUpdateReservaSolicitud: 
org.springframework.dao.DataIntegrityViolationException: PreparedStatementCallback; SQL [UPDATE Solicitud SET reserva = ?, FechaModificacion=getDate(), idEstado = (SELECT idEstado FROM Estado with(nolock) WHERE Nombre = (SELECT Valor FROM Parametros with(nolock) WHERE Nombre = ?)) WHERE idSolicitud = ?]; Cannot insert the value NULL into column 'idEstado', table 'DotacionesQA.dbo.Solicitud'; column does not allow nulls. UPDATE fails.; nested exception is java.sql.BatchUpdateException: Cannot insert the value NULL into column 'idEstado', table 'DotacionesQA.dbo.Solicitud'; column does not allow nulls. UPDATE fails.
	at org.springframework.jdbc.support.SQLStateSQLExceptionTranslator.doTranslate(SQLStateSQLExceptionTranslator.java:104)
	at org.springframework.jdbc.support.AbstractFallbackSQLExceptionTranslator.translate(AbstractFallbackSQLExceptionTranslator.java:70)
	at org.springframework.jdbc.support.AbstractFallbackSQLExceptionTranslator.translate(AbstractFallbackSQLExceptionTranslator.java:79)
	at org.springframework.jdbc.support.AbstractFallbackSQLExceptionTranslator.translate(AbstractFallbackSQLExceptionTranslator.java:79)
	at org.springframework.jdbc.core.JdbcTemplate.translateException(JdbcTemplate.java:1541)
	at org.springframework.jdbc.core.JdbcTemplate.execute(JdbcTemplate.java:667)
	at org.springframework.jdbc.core.JdbcTemplate.execute(JdbcTemplate.java:691)
	at org.springframework.jdbc.core.JdbcTemplate.batchUpdate(JdbcTemplate.java:1034)
	at org.springframework.jdbc.core.namedparam.NamedParameterJdbcTemplate.batchUpdate(NamedParameterJdbcTemplate.java:373)
	at org.springframework.jdbc.core.namedparam.NamedParameterJdbcTemplate.batchUpdate(NamedParameterJdbcTemplate.java:361)
	at com.colsubsidio.dotaciones.repositorys.daos.SolicitudDao.batchUpdateReservaSolicitud(SolicitudDao.java:390)
	at com.colsubsidio.dotaciones.repositorys.daos.SolicitudDao.listaSolicitudes(SolicitudDao.java:282)
	at com.colsubsidio.dotaciones.repositorys.daos.SolicitudDao$$FastClassBySpringCGLIB$$bb7888da.invoke(<generated>)
	at org.springframework.cglib.proxy.MethodProxy.invoke(MethodProxy.java:218)
	at org.springframework.aop.framework.CglibAopProxy$CglibMethodInvocation.invokeJoinpoint(CglibAopProxy.java:779)
	at org.springframework.aop.framework.ReflectiveMethodInvocation.proceed(ReflectiveMethodInvocation.java:163)
	at org.springframework.aop.framework.CglibAopProxy$CglibMethodInvocation.proceed(CglibAopProxy.java:750)
	at org.springframework.dao.support.PersistenceExceptionTranslationInterceptor.invoke(PersistenceExceptionTranslationInterceptor.java:137)
	at org.springframework.aop.framework.ReflectiveMethodInvocation.proceed(ReflectiveMethodInvocation.java:186)
	at org.springframework.aop.framework.CglibAopProxy$CglibMethodInvocation.proceed(CglibAopProxy.java:750)
	at org.springframework.aop.framework.CglibAopProxy$DynamicAdvisedInterceptor.intercept(CglibAopProxy.java:692)
	at com.colsubsidio.dotaciones.repositorys.daos.SolicitudDao$$EnhancerBySpringCGLIB$$abd5e993.listaSolicitudes(<generated>)
	at com.colsubsidio.dotaciones.services.SolicitudService.listaSolicitudes(SolicitudService.java:221)
	at com.colsubsidio.dotaciones.controllers.SolicitudController.listaSolicitudes(SolicitudController.java:57)
	at java.base/jdk.internal.reflect.NativeMethodAccessorImpl.invoke0(Native Method)
	at java.base/jdk.internal.reflect.NativeMethodAccessorImpl.invoke(NativeMethodAccessorImpl.java:77)
	at java.base/jdk.internal.reflect.DelegatingMethodAccessorImpl.invoke(DelegatingMethodAccessorImpl.java:43)
	at java.base/java.lang.reflect.Method.invoke(Method.java:568)
	at org.springframework.web.method.support.InvocableHandlerMethod.doInvoke(InvocableHandlerMethod.java:197)
	at org.springframework.web.method.support.InvocableHandlerMethod.invokeForRequest(InvocableHandlerMethod.java:141)
	at org.springframework.web.servlet.mvc.method.annotation.ServletInvocableHandlerMethod.invokeAndHandle(ServletInvocableHandlerMethod.java:106)
	at org.springframework.web.servlet.mvc.method.annotation.RequestMappingHandlerAdapter.invokeHandlerMethod(RequestMappingHandlerAdapter.java:894)
	at org.springframework.web.servlet.mvc.method.annotation.RequestMappingHandlerAdapter.handleInternal(RequestMappingHandlerAdapter.java:808)
	at org.springframework.web.servlet.mvc.method.AbstractHandlerMethodAdapter.handle(AbstractHandlerMethodAdapter.java:87)
	at org.springframework.web.servlet.DispatcherServlet.doDispatch(DispatcherServlet.java:1063)
	at org.springframework.web.servlet.DispatcherServlet.doService(DispatcherServlet.java:963)
	at org.springframework.web.servlet.FrameworkServlet.processRequest(FrameworkServlet.java:1006)
	at org.springframework.web.servlet.FrameworkServlet.doGet(FrameworkServlet.java:898)
	at javax.servlet.http.HttpServlet.service(HttpServlet.java:655)
	at org.springframework.web.servlet.FrameworkServlet.service(FrameworkServlet.java:883)
	at javax.servlet.http.HttpServlet.service(HttpServlet.java:764)
	at org.apache.catalina.core.ApplicationFilterChain.internalDoFilter(ApplicationFilterChain.java:228)
	at org.apache.catalina.core.ApplicationFilterChain.doFilter(ApplicationFilterChain.java:163)
	at org.apache.tomcat.websocket.server.WsFilter.doFilter(WsFilter.java:53)
	at org.apache.catalina.core.ApplicationFilterChain.internalDoFilter(ApplicationFilterChain.java:190)
	at org.apache.catalina.core.ApplicationFilterChain.doFilter(ApplicationFilterChain.java:163)
	at com.colsubsidio.dotaciones.config.TokenFilter.doFilter(TokenFilter.java:69)
	at org.apache.catalina.core.ApplicationFilterChain.internalDoFilter(ApplicationFilterChain.java:190)
	at org.apache.catalina.core.ApplicationFilterChain.doFilter(ApplicationFilterChain.java:163)
	at org.springframework.security.web.FilterChainProxy$VirtualFilterChain.doFilter(FilterChainProxy.java:327)
	at org.springframework.security.web.access.ExceptionTranslationFilter.doFilter(ExceptionTranslationFilter.java:121)
	at org.springframework.security.web.access.ExceptionTranslationFilter.doFilter(ExceptionTranslationFilter.java:115)
	at org.springframework.security.web.FilterChainProxy$VirtualFilterChain.doFilter(FilterChainProxy.java:336)
	at org.springframework.security.web.session.SessionManagementFilter.doFilter(SessionManagementFilter.java:126)
	at org.springframework.security.web.session.SessionManagementFilter.doFilter(SessionManagementFilter.java:81)
	at org.springframework.security.web.FilterChainProxy$VirtualFilterChain.doFilter(FilterChainProxy.java:336)
	at org.springframework.security.web.authentication.AnonymousAuthenticationFilter.doFilter(AnonymousAuthenticationFilter.java:105)
	at org.springframework.security.web.FilterChainProxy$VirtualFilterChain.doFilter(FilterChainProxy.java:336)
	at org.springframework.security.web.servletapi.SecurityContextHolderAwareRequestFilter.doFilter(SecurityContextHolderAwareRequestFilter.java:149)
	at org.springframework.security.web.FilterChainProxy$VirtualFilterChain.doFilter(FilterChainProxy.java:336)
	at org.springframework.security.web.savedrequest.RequestCacheAwareFilter.doFilter(RequestCacheAwareFilter.java:63)
	at org.springframework.security.web.FilterChainProxy$VirtualFilterChain.doFilter(FilterChainProxy.java:336)
	at org.springframework.security.web.authentication.logout.LogoutFilter.doFilter(LogoutFilter.java:103)
	at org.springframework.security.web.authentication.logout.LogoutFilter.doFilter(LogoutFilter.java:89)
	at org.springframework.security.web.FilterChainProxy$VirtualFilterChain.doFilter(FilterChainProxy.java:336)
	at org.springframework.web.filter.CorsFilter.doFilterInternal(CorsFilter.java:91)
	at org.springframework.web.filter.OncePerRequestFilter.doFilter(OncePerRequestFilter.java:119)
	at org.springframework.security.web.FilterChainProxy$VirtualFilterChain.doFilter(FilterChainProxy.java:336)
	at org.springframework.security.web.header.HeaderWriterFilter.doHeadersAfter(HeaderWriterFilter.java:90)
	at org.springframework.security.web.header.HeaderWriterFilter.doFilterInternal(HeaderWriterFilter.java:75)
	at org.springframework.web.filter.OncePerRequestFilter.doFilter(OncePerRequestFilter.java:119)
	at org.springframework.security.web.FilterChainProxy$VirtualFilterChain.doFilter(FilterChainProxy.java:336)
	at org.springframework.security.web.context.SecurityContextPersistenceFilter.doFilter(SecurityContextPersistenceFilter.java:110)
	at org.springframework.security.web.context.SecurityContextPersistenceFilter.doFilter(SecurityContextPersistenceFilter.java:80)
	at org.springframework.security.web.FilterChainProxy$VirtualFilterChain.doFilter(FilterChainProxy.java:336)
	at org.springframework.security.web.context.request.async.WebAsyncManagerIntegrationFilter.doFilterInternal(WebAsyncManagerIntegrationFilter.java:55)
	at org.springframework.web.filter.OncePerRequestFilter.doFilter(OncePerRequestFilter.java:119)
	at org.springframework.security.web.FilterChainProxy$VirtualFilterChain.doFilter(FilterChainProxy.java:336)
	at org.springframework.security.web.FilterChainProxy.doFilterInternal(FilterChainProxy.java:211)
	at org.springframework.security.web.FilterChainProxy.doFilter(FilterChainProxy.java:183)
	at org.springframework.web.filter.DelegatingFilterProxy.invokeDelegate(DelegatingFilterProxy.java:358)
	at org.springframework.web.filter.DelegatingFilterProxy.doFilter(DelegatingFilterProxy.java:271)
	at org.apache.catalina.core.ApplicationFilterChain.internalDoFilter(ApplicationFilterChain.java:190)
	at org.apache.catalina.core.ApplicationFilterChain.doFilter(ApplicationFilterChain.java:163)
	at org.springframework.web.filter.RequestContextFilter.doFilterInternal(RequestContextFilter.java:100)
	at org.springframework.web.filter.OncePerRequestFilter.doFilter(OncePerRequestFilter.java:119)
	at org.apache.catalina.core.ApplicationFilterChain.internalDoFilter(ApplicationFilterChain.java:190)
	at org.apache.catalina.core.ApplicationFilterChain.doFilter(ApplicationFilterChain.java:163)
	at org.springframework.web.filter.FormContentFilter.doFilterInternal(FormContentFilter.java:93)
	at org.springframework.web.filter.OncePerRequestFilter.doFilter(OncePerRequestFilter.java:119)
	at org.apache.catalina.core.ApplicationFilterChain.internalDoFilter(ApplicationFilterChain.java:190)
	at org.apache.catalina.core.ApplicationFilterChain.doFilter(ApplicationFilterChain.java:163)
	at org.springframework.web.filter.CharacterEncodingFilter.doFilterInternal(CharacterEncodingFilter.java:201)
	at org.springframework.web.filter.OncePerRequestFilter.doFilter(OncePerRequestFilter.java:119)
	at org.apache.catalina.core.ApplicationFilterChain.internalDoFilter(ApplicationFilterChain.java:190)
	at org.apache.catalina.core.ApplicationFilterChain.doFilter(ApplicationFilterChain.java:163)
	at org.apache.catalina.core.StandardWrapperValve.invoke(StandardWrapperValve.java:202)
	at org.apache.catalina.core.StandardContextValve.invoke(StandardContextValve.java:97)
	at org.apache.catalina.authenticator.AuthenticatorBase.invoke(AuthenticatorBase.java:542)
	at org.apache.catalina.core.StandardHostValve.invoke(StandardHostValve.java:143)
	at org.apache.catalina.valves.ErrorReportValve.invoke(ErrorReportValve.java:92)
	at org.apache.catalina.core.StandardEngineValve.invoke(StandardEngineValve.java:78)
	at org.apache.catalina.connector.CoyoteAdapter.service(CoyoteAdapter.java:357)
	at org.apache.coyote.http11.Http11Processor.service(Http11Processor.java:382)
	at org.apache.coyote.AbstractProcessorLight.process(AbstractProcessorLight.java:65)
	at org.apache.coyote.AbstractProtocol$ConnectionHandler.process(AbstractProtocol.java:893)
	at org.apache.tomcat.util.net.NioEndpoint$SocketProcessor.doRun(NioEndpoint.java:1723)
	at org.apache.tomcat.util.net.SocketProcessorBase.run(SocketProcessorBase.java:49)
	at java.base/java.util.concurrent.ThreadPoolExecutor.runWorker(ThreadPoolExecutor.java:1136)
	at java.base/java.util.concurrent.ThreadPoolExecutor$Worker.run(ThreadPoolExecutor.java:635)
	at org.apache.tomcat.util.threads.TaskThread$WrappingRunnable.run(TaskThread.java:61)
	at java.base/java.lang.Thread.run(Thread.java:833)
Caused by: java.sql.BatchUpdateException: Cannot insert the value NULL into column 'idEstado', table 'DotacionesQA.dbo.Solicitud'; column does not allow nulls. UPDATE fails.
	at com.microsoft.sqlserver.jdbc.SQLServerPreparedStatement.executeBatch(SQLServerPreparedStatement.java:2069)
	at com.zaxxer.hikari.pool.ProxyStatement.executeBatch(ProxyStatement.java:127)
	at com.zaxxer.hikari.pool.HikariProxyPreparedStatement.executeBatch(HikariProxyPreparedStatement.java)
	at org.springframework.jdbc.core.JdbcTemplate.lambda$batchUpdate$4(JdbcTemplate.java:1048)
	at org.springframework.jdbc.core.JdbcTemplate.execute(JdbcTemplate.java:651)
	... 106 common frames omitted
2022-10-03 21:00:34,367 ERROR [SolicitudDao.batchUpdateReservaSolicitud.394] ERROR batchUpdateReservaSolicitud: 
org.springframework.dao.DataIntegrityViolationException: PreparedStatementCallback; SQL [UPDATE Solicitud SET reserva = ?, FechaModificacion=getDate(), idEstado = (SELECT idEstado FROM Estado with(nolock) WHERE Nombre = (SELECT Valor FROM Parametros with(nolock) WHERE Nombre = ?)) WHERE idSolicitud = ?]; Cannot insert the value NULL into column 'idEstado', table 'DotacionesQA.dbo.Solicitud'; column does not allow nulls. UPDATE fails.; nested exception is java.sql.BatchUpdateException: Cannot insert the value NULL into column 'idEstado', table 'DotacionesQA.dbo.Solicitud'; column does not allow nulls. UPDATE fails.
	at org.springframework.jdbc.support.SQLStateSQLExceptionTranslator.doTranslate(SQLStateSQLExceptionTranslator.java:104)
	at org.springframework.jdbc.support.AbstractFallbackSQLExceptionTranslator.translate(AbstractFallbackSQLExceptionTranslator.java:70)
	at org.springframework.jdbc.support.AbstractFallbackSQLExceptionTranslator.translate(AbstractFallbackSQLExceptionTranslator.java:79)
	at org.springframework.jdbc.support.AbstractFallbackSQLExceptionTranslator.translate(AbstractFallbackSQLExceptionTranslator.java:79)
	at org.springframework.jdbc.core.JdbcTemplate.translateException(JdbcTemplate.java:1541)
	at org.springframework.jdbc.core.JdbcTemplate.execute(JdbcTemplate.java:667)
	at org.springframework.jdbc.core.JdbcTemplate.execute(JdbcTemplate.java:691)
	at org.springframework.jdbc.core.JdbcTemplate.batchUpdate(JdbcTemplate.java:1034)
	at org.springframework.jdbc.core.namedparam.NamedParameterJdbcTemplate.batchUpdate(NamedParameterJdbcTemplate.java:373)
	at org.springframework.jdbc.core.namedparam.NamedParameterJdbcTemplate.batchUpdate(NamedParameterJdbcTemplate.java:361)
	at com.colsubsidio.dotaciones.repositorys.daos.SolicitudDao.batchUpdateReservaSolicitud(SolicitudDao.java:390)
	at com.colsubsidio.dotaciones.repositorys.daos.SolicitudDao.listaSolicitudes(SolicitudDao.java:282)
	at com.colsubsidio.dotaciones.repositorys.daos.SolicitudDao$$FastClassBySpringCGLIB$$bb7888da.invoke(<generated>)
	at org.springframework.cglib.proxy.MethodProxy.invoke(MethodProxy.java:218)
	at org.springframework.aop.framework.CglibAopProxy$CglibMethodInvocation.invokeJoinpoint(CglibAopProxy.java:779)
	at org.springframework.aop.framework.ReflectiveMethodInvocation.proceed(ReflectiveMethodInvocation.java:163)
	at org.springframework.aop.framework.CglibAopProxy$CglibMethodInvocation.proceed(CglibAopProxy.java:750)
	at org.springframework.dao.support.PersistenceExceptionTranslationInterceptor.invoke(PersistenceExceptionTranslationInterceptor.java:137)
	at org.springframework.aop.framework.ReflectiveMethodInvocation.proceed(ReflectiveMethodInvocation.java:186)
	at org.springframework.aop.framework.CglibAopProxy$CglibMethodInvocation.proceed(CglibAopProxy.java:750)
	at org.springframework.aop.framework.CglibAopProxy$DynamicAdvisedInterceptor.intercept(CglibAopProxy.java:692)
	at com.colsubsidio.dotaciones.repositorys.daos.SolicitudDao$$EnhancerBySpringCGLIB$$abd5e993.listaSolicitudes(<generated>)
	at com.colsubsidio.dotaciones.services.SolicitudService.listaSolicitudes(SolicitudService.java:221)
	at com.colsubsidio.dotaciones.controllers.SolicitudController.listaSolicitudes(SolicitudController.java:57)
	at java.base/jdk.internal.reflect.NativeMethodAccessorImpl.invoke0(Native Method)
	at java.base/jdk.internal.reflect.NativeMethodAccessorImpl.invoke(NativeMethodAccessorImpl.java:77)
	at java.base/jdk.internal.reflect.DelegatingMethodAccessorImpl.invoke(DelegatingMethodAccessorImpl.java:43)
	at java.base/java.lang.reflect.Method.invoke(Method.java:568)
	at org.springframework.web.method.support.InvocableHandlerMethod.doInvoke(InvocableHandlerMethod.java:197)
	at org.springframework.web.method.support.InvocableHandlerMethod.invokeForRequest(InvocableHandlerMethod.java:141)
	at org.springframework.web.servlet.mvc.method.annotation.ServletInvocableHandlerMethod.invokeAndHandle(ServletInvocableHandlerMethod.java:106)
	at org.springframework.web.servlet.mvc.method.annotation.RequestMappingHandlerAdapter.invokeHandlerMethod(RequestMappingHandlerAdapter.java:894)
	at org.springframework.web.servlet.mvc.method.annotation.RequestMappingHandlerAdapter.handleInternal(RequestMappingHandlerAdapter.java:808)
	at org.springframework.web.servlet.mvc.method.AbstractHandlerMethodAdapter.handle(AbstractHandlerMethodAdapter.java:87)
	at org.springframework.web.servlet.DispatcherServlet.doDispatch(DispatcherServlet.java:1063)
	at org.springframework.web.servlet.DispatcherServlet.doService(DispatcherServlet.java:963)
	at org.springframework.web.servlet.FrameworkServlet.processRequest(FrameworkServlet.java:1006)
	at org.springframework.web.servlet.FrameworkServlet.doGet(FrameworkServlet.java:898)
	at javax.servlet.http.HttpServlet.service(HttpServlet.java:655)
	at org.springframework.web.servlet.FrameworkServlet.service(FrameworkServlet.java:883)
	at javax.servlet.http.HttpServlet.service(HttpServlet.java:764)
	at org.apache.catalina.core.ApplicationFilterChain.internalDoFilter(ApplicationFilterChain.java:228)
	at org.apache.catalina.core.ApplicationFilterChain.doFilter(ApplicationFilterChain.java:163)
	at org.apache.tomcat.websocket.server.WsFilter.doFilter(WsFilter.java:53)
	at org.apache.catalina.core.ApplicationFilterChain.internalDoFilter(ApplicationFilterChain.java:190)
	at org.apache.catalina.core.ApplicationFilterChain.doFilter(ApplicationFilterChain.java:163)
	at com.colsubsidio.dotaciones.config.TokenFilter.doFilter(TokenFilter.java:69)
	at org.apache.catalina.core.ApplicationFilterChain.internalDoFilter(ApplicationFilterChain.java:190)
	at org.apache.catalina.core.ApplicationFilterChain.doFilter(ApplicationFilterChain.java:163)
	at org.springframework.security.web.FilterChainProxy$VirtualFilterChain.doFilter(FilterChainProxy.java:327)
	at org.springframework.security.web.access.ExceptionTranslationFilter.doFilter(ExceptionTranslationFilter.java:121)
	at org.springframework.security.web.access.ExceptionTranslationFilter.doFilter(ExceptionTranslationFilter.java:115)
	at org.springframework.security.web.FilterChainProxy$VirtualFilterChain.doFilter(FilterChainProxy.java:336)
	at org.springframework.security.web.session.SessionManagementFilter.doFilter(SessionManagementFilter.java:126)
	at org.springframework.security.web.session.SessionManagementFilter.doFilter(SessionManagementFilter.java:81)
	at org.springframework.security.web.FilterChainProxy$VirtualFilterChain.doFilter(FilterChainProxy.java:336)
	at org.springframework.security.web.authentication.AnonymousAuthenticationFilter.doFilter(AnonymousAuthenticationFilter.java:105)
	at org.springframework.security.web.FilterChainProxy$VirtualFilterChain.doFilter(FilterChainProxy.java:336)
	at org.springframework.security.web.servletapi.SecurityContextHolderAwareRequestFilter.doFilter(SecurityContextHolderAwareRequestFilter.java:149)
	at org.springframework.security.web.FilterChainProxy$VirtualFilterChain.doFilter(FilterChainProxy.java:336)
	at org.springframework.security.web.savedrequest.RequestCacheAwareFilter.doFilter(RequestCacheAwareFilter.java:63)
	at org.springframework.security.web.FilterChainProxy$VirtualFilterChain.doFilter(FilterChainProxy.java:336)
	at org.springframework.security.web.authentication.logout.LogoutFilter.doFilter(LogoutFilter.java:103)
	at org.springframework.security.web.authentication.logout.LogoutFilter.doFilter(LogoutFilter.java:89)
	at org.springframework.security.web.FilterChainProxy$VirtualFilterChain.doFilter(FilterChainProxy.java:336)
	at org.springframework.web.filter.CorsFilter.doFilterInternal(CorsFilter.java:91)
	at org.springframework.web.filter.OncePerRequestFilter.doFilter(OncePerRequestFilter.java:119)
	at org.springframework.security.web.FilterChainProxy$VirtualFilterChain.doFilter(FilterChainProxy.java:336)
	at org.springframework.security.web.header.HeaderWriterFilter.doHeadersAfter(HeaderWriterFilter.java:90)
	at org.springframework.security.web.header.HeaderWriterFilter.doFilterInternal(HeaderWriterFilter.java:75)
	at org.springframework.web.filter.OncePerRequestFilter.doFilter(OncePerRequestFilter.java:119)
	at org.springframework.security.web.FilterChainProxy$VirtualFilterChain.doFilter(FilterChainProxy.java:336)
	at org.springframework.security.web.context.SecurityContextPersistenceFilter.doFilter(SecurityContextPersistenceFilter.java:110)
	at org.springframework.security.web.context.SecurityContextPersistenceFilter.doFilter(SecurityContextPersistenceFilter.java:80)
	at org.springframework.security.web.FilterChainProxy$VirtualFilterChain.doFilter(FilterChainProxy.java:336)
	at org.springframework.security.web.context.request.async.WebAsyncManagerIntegrationFilter.doFilterInternal(WebAsyncManagerIntegrationFilter.java:55)
	at org.springframework.web.filter.OncePerRequestFilter.doFilter(OncePerRequestFilter.java:119)
	at org.springframework.security.web.FilterChainProxy$VirtualFilterChain.doFilter(FilterChainProxy.java:336)
	at org.springframework.security.web.FilterChainProxy.doFilterInternal(FilterChainProxy.java:211)
	at org.springframework.security.web.FilterChainProxy.doFilter(FilterChainProxy.java:183)
	at org.springframework.web.filter.DelegatingFilterProxy.invokeDelegate(DelegatingFilterProxy.java:358)
	at org.springframework.web.filter.DelegatingFilterProxy.doFilter(DelegatingFilterProxy.java:271)
	at org.apache.catalina.core.ApplicationFilterChain.internalDoFilter(ApplicationFilterChain.java:190)
	at org.apache.catalina.core.ApplicationFilterChain.doFilter(ApplicationFilterChain.java:163)
	at org.springframework.web.filter.RequestContextFilter.doFilterInternal(RequestContextFilter.java:100)
	at org.springframework.web.filter.OncePerRequestFilter.doFilter(OncePerRequestFilter.java:119)
	at org.apache.catalina.core.ApplicationFilterChain.internalDoFilter(ApplicationFilterChain.java:190)
	at org.apache.catalina.core.ApplicationFilterChain.doFilter(ApplicationFilterChain.java:163)
	at org.springframework.web.filter.FormContentFilter.doFilterInternal(FormContentFilter.java:93)
	at org.springframework.web.filter.OncePerRequestFilter.doFilter(OncePerRequestFilter.java:119)
	at org.apache.catalina.core.ApplicationFilterChain.internalDoFilter(ApplicationFilterChain.java:190)
	at org.apache.catalina.core.ApplicationFilterChain.doFilter(ApplicationFilterChain.java:163)
	at org.springframework.web.filter.CharacterEncodingFilter.doFilterInternal(CharacterEncodingFilter.java:201)
	at org.springframework.web.filter.OncePerRequestFilter.doFilter(OncePerRequestFilter.java:119)
	at org.apache.catalina.core.ApplicationFilterChain.internalDoFilter(ApplicationFilterChain.java:190)
	at org.apache.catalina.core.ApplicationFilterChain.doFilter(ApplicationFilterChain.java:163)
	at org.apache.catalina.core.StandardWrapperValve.invoke(StandardWrapperValve.java:202)
	at org.apache.catalina.core.StandardContextValve.invoke(StandardContextValve.java:97)
	at org.apache.catalina.authenticator.AuthenticatorBase.invoke(AuthenticatorBase.java:542)
	at org.apache.catalina.core.StandardHostValve.invoke(StandardHostValve.java:143)
	at org.apache.catalina.valves.ErrorReportValve.invoke(ErrorReportValve.java:92)
	at org.apache.catalina.core.StandardEngineValve.invoke(StandardEngineValve.java:78)
	at org.apache.catalina.connector.CoyoteAdapter.service(CoyoteAdapter.java:357)
	at org.apache.coyote.http11.Http11Processor.service(Http11Processor.java:382)
	at org.apache.coyote.AbstractProcessorLight.process(AbstractProcessorLight.java:65)
	at org.apache.coyote.AbstractProtocol$ConnectionHandler.process(AbstractProtocol.java:893)
	at org.apache.tomcat.util.net.NioEndpoint$SocketProcessor.doRun(NioEndpoint.java:1723)
	at org.apache.tomcat.util.net.SocketProcessorBase.run(SocketProcessorBase.java:49)
	at java.base/java.util.concurrent.ThreadPoolExecutor.runWorker(ThreadPoolExecutor.java:1136)
	at java.base/java.util.concurrent.ThreadPoolExecutor$Worker.run(ThreadPoolExecutor.java:635)
	at org.apache.tomcat.util.threads.TaskThread$WrappingRunnable.run(TaskThread.java:61)
	at java.base/java.lang.Thread.run(Thread.java:833)
Caused by: java.sql.BatchUpdateException: Cannot insert the value NULL into column 'idEstado', table 'DotacionesQA.dbo.Solicitud'; column does not allow nulls. UPDATE fails.
	at com.microsoft.sqlserver.jdbc.SQLServerPreparedStatement.executeBatch(SQLServerPreparedStatement.java:2069)
	at com.zaxxer.hikari.pool.ProxyStatement.executeBatch(ProxyStatement.java:127)
	at com.zaxxer.hikari.pool.HikariProxyPreparedStatement.executeBatch(HikariProxyPreparedStatement.java)
	at org.springframework.jdbc.core.JdbcTemplate.lambda$batchUpdate$4(JdbcTemplate.java:1048)
	at org.springframework.jdbc.core.JdbcTemplate.execute(JdbcTemplate.java:651)
	... 106 common frames omitted
2022-10-03 21:01:49,544 INFO [HikariDataSource.close.350] HikariPool-1 - Shutdown initiated...
2022-10-03 21:01:49,546 INFO [HikariDataSource.close.352] HikariPool-1 - Shutdown completed.
2022-10-03 21:24:17,162 INFO [Http11NioProtocol.log.173] Initializing ProtocolHandler ["http-nio-8093"]
2022-10-03 21:24:17,166 INFO [StandardService.log.173] Starting service [Tomcat]
2022-10-03 21:24:17,166 INFO [StandardEngine.log.173] Starting Servlet engine: [Apache Tomcat/9.0.48]
2022-10-03 21:24:17,277 INFO [[/].log.173] Initializing Spring embedded WebApplicationContext
2022-10-03 21:24:17,417 INFO [HikariDataSource.getConnection.110] HikariPool-1 - Starting...
2022-10-03 21:24:17,733 INFO [HikariDataSource.getConnection.123] HikariPool-1 - Start completed.
2022-10-03 21:24:21,202 INFO [Http11NioProtocol.log.173] Starting ProtocolHandler ["http-nio-8093"]
2022-10-03 21:25:54,303 INFO [HikariDataSource.close.350] HikariPool-1 - Shutdown initiated...
2022-10-03 21:25:54,304 INFO [HikariDataSource.close.352] HikariPool-1 - Shutdown completed.
2022-10-03 22:02:40,227 INFO [Http11NioProtocol.log.173] Initializing ProtocolHandler ["http-nio-8093"]
2022-10-03 22:02:40,229 INFO [StandardService.log.173] Starting service [Tomcat]
2022-10-03 22:02:40,229 INFO [StandardEngine.log.173] Starting Servlet engine: [Apache Tomcat/9.0.48]
2022-10-03 22:02:40,338 INFO [[/].log.173] Initializing Spring embedded WebApplicationContext
2022-10-03 22:02:40,472 INFO [HikariDataSource.getConnection.110] HikariPool-1 - Starting...
2022-10-03 22:02:40,744 INFO [HikariDataSource.getConnection.123] HikariPool-1 - Start completed.
2022-10-03 22:02:44,040 INFO [Http11NioProtocol.log.173] Starting ProtocolHandler ["http-nio-8093"]
2022-10-03 22:02:57,018 INFO [HikariDataSource.close.350] HikariPool-1 - Shutdown initiated...
2022-10-03 22:02:57,019 INFO [HikariDataSource.close.352] HikariPool-1 - Shutdown completed.
2022-10-03 22:07:18,820 INFO [Http11NioProtocol.log.173] Initializing ProtocolHandler ["http-nio-8093"]
2022-10-03 22:07:18,822 INFO [StandardService.log.173] Starting service [Tomcat]
2022-10-03 22:07:18,822 INFO [StandardEngine.log.173] Starting Servlet engine: [Apache Tomcat/9.0.48]
2022-10-03 22:07:18,941 INFO [[/].log.173] Initializing Spring embedded WebApplicationContext
2022-10-03 22:07:19,070 INFO [HikariDataSource.getConnection.110] HikariPool-1 - Starting...
2022-10-03 22:07:19,350 INFO [HikariDataSource.getConnection.123] HikariPool-1 - Start completed.
2022-10-03 22:07:22,683 INFO [Http11NioProtocol.log.173] Starting ProtocolHandler ["http-nio-8093"]
2022-10-03 22:07:26,836 INFO [HikariDataSource.close.350] HikariPool-1 - Shutdown initiated...
2022-10-03 22:07:26,838 INFO [HikariDataSource.close.352] HikariPool-1 - Shutdown completed.
2022-10-03 22:08:04,009 INFO [Http11NioProtocol.log.173] Initializing ProtocolHandler ["http-nio-8093"]
2022-10-03 22:08:04,011 INFO [StandardService.log.173] Starting service [Tomcat]
2022-10-03 22:08:04,011 INFO [StandardEngine.log.173] Starting Servlet engine: [Apache Tomcat/9.0.48]
2022-10-03 22:08:04,136 INFO [[/].log.173] Initializing Spring embedded WebApplicationContext
2022-10-03 22:08:04,268 INFO [HikariDataSource.getConnection.110] HikariPool-1 - Starting...
2022-10-03 22:08:04,558 INFO [HikariDataSource.getConnection.123] HikariPool-1 - Start completed.
2022-10-03 22:08:07,870 INFO [Http11NioProtocol.log.173] Starting ProtocolHandler ["http-nio-8093"]
2022-10-03 22:08:26,369 INFO [Http11NioProtocol.log.173] Initializing ProtocolHandler ["http-nio-8093"]
2022-10-03 22:08:26,370 INFO [StandardService.log.173] Starting service [Tomcat]
2022-10-03 22:08:26,371 INFO [StandardEngine.log.173] Starting Servlet engine: [Apache Tomcat/9.0.48]
2022-10-03 22:08:26,487 INFO [[/].log.173] Initializing Spring embedded WebApplicationContext
2022-10-03 22:08:26,620 INFO [HikariDataSource.getConnection.110] HikariPool-1 - Starting...
2022-10-03 22:08:26,901 INFO [HikariDataSource.getConnection.123] HikariPool-1 - Start completed.
2022-10-03 22:08:30,255 INFO [Http11NioProtocol.log.173] Starting ProtocolHandler ["http-nio-8093"]
2022-10-03 22:08:30,266 INFO [HikariDataSource.close.350] HikariPool-1 - Shutdown initiated...
2022-10-03 22:08:30,267 INFO [HikariDataSource.close.352] HikariPool-1 - Shutdown completed.
2022-10-03 22:08:30,268 INFO [Http11NioProtocol.log.173] Pausing ProtocolHandler ["http-nio-8093"]
2022-10-03 22:08:30,268 INFO [StandardService.log.173] Stopping service [Tomcat]
2022-10-03 22:08:30,270 INFO [Http11NioProtocol.log.173] Stopping ProtocolHandler ["http-nio-8093"]
2022-10-03 22:08:30,271 INFO [Http11NioProtocol.log.173] Destroying ProtocolHandler ["http-nio-8093"]
2022-10-03 22:08:44,827 INFO [HikariDataSource.close.350] HikariPool-1 - Shutdown initiated...
2022-10-03 22:08:44,828 INFO [HikariDataSource.close.352] HikariPool-1 - Shutdown completed.
2022-10-03 22:08:56,710 INFO [Http11NioProtocol.log.173] Initializing ProtocolHandler ["http-nio-8093"]
2022-10-03 22:08:56,712 INFO [StandardService.log.173] Starting service [Tomcat]
2022-10-03 22:08:56,712 INFO [StandardEngine.log.173] Starting Servlet engine: [Apache Tomcat/9.0.48]
2022-10-03 22:08:56,831 INFO [[/].log.173] Initializing Spring embedded WebApplicationContext
2022-10-03 22:08:56,958 INFO [HikariDataSource.getConnection.110] HikariPool-1 - Starting...
2022-10-03 22:08:57,303 INFO [HikariDataSource.getConnection.123] HikariPool-1 - Start completed.
2022-10-03 22:09:00,639 INFO [Http11NioProtocol.log.173] Starting ProtocolHandler ["http-nio-8093"]
2022-10-03 22:11:57,778 INFO [HikariDataSource.close.350] HikariPool-1 - Shutdown initiated...
2022-10-03 22:11:57,780 INFO [HikariDataSource.close.352] HikariPool-1 - Shutdown completed.
